Determining if the function fseek64 exists failed with the following output:
Change Dir: /home/fuzz/pdfalto/build-Asan/build/CMakeFiles/CMakeTmp

Run Build Command(s):/usr/bin/gmake -f Makefile cmTC_e592d/fast && /usr/bin/gmake  -f CMakeFiles/cmTC_e592d.dir/build.make CMakeFiles/cmTC_e592d.dir/build
gmake[1]: Entering directory '/home/fuzz/pdfalto/build-Asan/build/CMakeFiles/CMakeTmp'
Building C object CMakeFiles/cmTC_e592d.dir/CheckFunctionExists.c.o
/usr/local/bin/afl-clang-fast   -fsanitize=address -fno-omit-frame-pointer -DCHECK_FUNCTION_EXISTS=fseek64 -MD -MT CMakeFiles/cmTC_e592d.dir/CheckFunctionExists.c.o -MF CMakeFiles/cmTC_e592d.dir/CheckFunctionExists.c.o.d -o CMakeFiles/cmTC_e592d.dir/CheckFunctionExists.c.o -c /usr/share/cmake-3.22/Modules/CheckFunctionExists.c
Linking C executable cmTC_e592d
/usr/bin/cmake -E cmake_link_script CMakeFiles/cmTC_e592d.dir/link.txt --verbose=1
/usr/local/bin/afl-clang-fast -fsanitize=address -fno-omit-frame-pointer -DCHECK_FUNCTION_EXISTS=fseek64 -rdynamic CMakeFiles/cmTC_e592d.dir/CheckFunctionExists.c.o -o cmTC_e592d 
/usr/bin/ld: CMakeFiles/cmTC_e592d.dir/CheckFunctionExists.c.o: in function `main':
CheckFunctionExists.c:(.text.main[main]+0x2d): undefined reference to `fseek64'
clang: error: linker command failed with exit code 1 (use -v to see invocation)
gmake[1]: *** [CMakeFiles/cmTC_e592d.dir/build.make:100: cmTC_e592d] Error 1
gmake[1]: Leaving directory '/home/fuzz/pdfalto/build-Asan/build/CMakeFiles/CMakeTmp'
gmake: *** [Makefile:127: cmTC_e592d/fast] Error 2



Determining if the function _fseeki64 exists failed with the following output:
Change Dir: /home/fuzz/pdfalto/build-Asan/build/CMakeFiles/CMakeTmp

Run Build Command(s):/usr/bin/gmake -f Makefile cmTC_3bba1/fast && /usr/bin/gmake  -f CMakeFiles/cmTC_3bba1.dir/build.make CMakeFiles/cmTC_3bba1.dir/build
gmake[1]: Entering directory '/home/fuzz/pdfalto/build-Asan/build/CMakeFiles/CMakeTmp'
Building C object CMakeFiles/cmTC_3bba1.dir/CheckFunctionExists.c.o
/usr/local/bin/afl-clang-fast   -fsanitize=address -fno-omit-frame-pointer -DCHECK_FUNCTION_EXISTS=_fseeki64 -MD -MT CMakeFiles/cmTC_3bba1.dir/CheckFunctionExists.c.o -MF CMakeFiles/cmTC_3bba1.dir/CheckFunctionExists.c.o.d -o CMakeFiles/cmTC_3bba1.dir/CheckFunctionExists.c.o -c /usr/share/cmake-3.22/Modules/CheckFunctionExists.c
Linking C executable cmTC_3bba1
/usr/bin/cmake -E cmake_link_script CMakeFiles/cmTC_3bba1.dir/link.txt --verbose=1
/usr/local/bin/afl-clang-fast -fsanitize=address -fno-omit-frame-pointer -DCHECK_FUNCTION_EXISTS=_fseeki64 -rdynamic CMakeFiles/cmTC_3bba1.dir/CheckFunctionExists.c.o -o cmTC_3bba1 
/usr/bin/ld: CMakeFiles/cmTC_3bba1.dir/CheckFunctionExists.c.o: in function `main':
CheckFunctionExists.c:(.text.main[main]+0x2d): undefined reference to `_fseeki64'
clang: error: linker command failed with exit code 1 (use -v to see invocation)
gmake[1]: *** [CMakeFiles/cmTC_3bba1.dir/build.make:100: cmTC_3bba1] Error 1
gmake[1]: Leaving directory '/home/fuzz/pdfalto/build-Asan/build/CMakeFiles/CMakeTmp'
gmake: *** [Makefile:127: cmTC_3bba1/fast] Error 2



