Determining if the function fseek64 exists failed with the following output:
Change Dir: /home/fuzz/pdfalto/CMakeFiles/CMakeTmp

Run Build Command(s):/usr/bin/gmake -f Makefile cmTC_da8bf/fast && /usr/bin/gmake  -f CMakeFiles/cmTC_da8bf.dir/build.make CMakeFiles/cmTC_da8bf.dir/build
gmake[1]: Entering directory '/home/fuzz/pdfalto/CMakeFiles/CMakeTmp'
Building C object CMakeFiles/cmTC_da8bf.dir/CheckFunctionExists.c.o
/usr/bin/cc   -DCHECK_FUNCTION_EXISTS=fseek64 -o CMakeFiles/cmTC_da8bf.dir/CheckFunctionExists.c.o -c /usr/share/cmake-3.22/Modules/CheckFunctionExists.c
Linking C executable cmTC_da8bf
/usr/bin/cmake -E cmake_link_script CMakeFiles/cmTC_da8bf.dir/link.txt --verbose=1
/usr/bin/cc  -DCHECK_FUNCTION_EXISTS=fseek64 -rdynamic CMakeFiles/cmTC_da8bf.dir/CheckFunctionExists.c.o -o cmTC_da8bf 
/usr/bin/ld: CMakeFiles/cmTC_da8bf.dir/CheckFunctionExists.c.o: in function `main':
CheckFunctionExists.c:(.text+0x14): undefined reference to `fseek64'
collect2: error: ld returned 1 exit status
gmake[1]: *** [CMakeFiles/cmTC_da8bf.dir/build.make:99: cmTC_da8bf] Error 1
gmake[1]: Leaving directory '/home/fuzz/pdfalto/CMakeFiles/CMakeTmp'
gmake: *** [Makefile:127: cmTC_da8bf/fast] Error 2



Determining if the function _fseeki64 exists failed with the following output:
Change Dir: /home/fuzz/pdfalto/CMakeFiles/CMakeTmp

Run Build Command(s):/usr/bin/gmake -f Makefile cmTC_27abe/fast && /usr/bin/gmake  -f CMakeFiles/cmTC_27abe.dir/build.make CMakeFiles/cmTC_27abe.dir/build
gmake[1]: Entering directory '/home/fuzz/pdfalto/CMakeFiles/CMakeTmp'
Building C object CMakeFiles/cmTC_27abe.dir/CheckFunctionExists.c.o
/usr/bin/cc   -DCHECK_FUNCTION_EXISTS=_fseeki64 -o CMakeFiles/cmTC_27abe.dir/CheckFunctionExists.c.o -c /usr/share/cmake-3.22/Modules/CheckFunctionExists.c
Linking C executable cmTC_27abe
/usr/bin/cmake -E cmake_link_script CMakeFiles/cmTC_27abe.dir/link.txt --verbose=1
/usr/bin/cc  -DCHECK_FUNCTION_EXISTS=_fseeki64 -rdynamic CMakeFiles/cmTC_27abe.dir/CheckFunctionExists.c.o -o cmTC_27abe 
/usr/bin/ld: CMakeFiles/cmTC_27abe.dir/CheckFunctionExists.c.o: in function `main':
CheckFunctionExists.c:(.text+0x14): undefined reference to `_fseeki64'
collect2: error: ld returned 1 exit status
gmake[1]: *** [CMakeFiles/cmTC_27abe.dir/build.make:99: cmTC_27abe] Error 1
gmake[1]: Leaving directory '/home/fuzz/pdfalto/CMakeFiles/CMakeTmp'
gmake: *** [Makefile:127: cmTC_27abe/fast] Error 2



