Determining if the function fseek64 exists failed with the following output:
Change Dir: /home/fuzz/pdfalto/build-hong/CMakeFiles/CMakeTmp

Run Build Command(s):/usr/bin/gmake -f Makefile cmTC_b4256/fast && /usr/bin/gmake  -f CMakeFiles/cmTC_b4256.dir/build.make CMakeFiles/cmTC_b4256.dir/build
gmake[1]: Entering directory '/home/fuzz/pdfalto/build-hong/CMakeFiles/CMakeTmp'
Building C object CMakeFiles/cmTC_b4256.dir/CheckFunctionExists.c.o
/home/fuzz/honggfuzz/hfuzz_cc/hfuzz-cc   -DCHECK_FUNCTION_EXISTS=fseek64 -MD -MT CMakeFiles/cmTC_b4256.dir/CheckFunctionExists.c.o -MF CMakeFiles/cmTC_b4256.dir/CheckFunctionExists.c.o.d -o CMakeFiles/cmTC_b4256.dir/CheckFunctionExists.c.o -c /usr/share/cmake-3.22/Modules/CheckFunctionExists.c
Linking C executable cmTC_b4256
/usr/bin/cmake -E cmake_link_script CMakeFiles/cmTC_b4256.dir/link.txt --verbose=1
/home/fuzz/honggfuzz/hfuzz_cc/hfuzz-cc  -DCHECK_FUNCTION_EXISTS=fseek64 -rdynamic CMakeFiles/cmTC_b4256.dir/CheckFunctionExists.c.o -o cmTC_b4256 
/usr/bin/ld: CMakeFiles/cmTC_b4256.dir/CheckFunctionExists.c.o: in function `main':
CheckFunctionExists.c:(.text.main[main]+0x31): undefined reference to `fseek64'
clang: error: linker command failed with exit code 1 (use -v to see invocation)
gmake[1]: *** [CMakeFiles/cmTC_b4256.dir/build.make:100: cmTC_b4256] Error 1
gmake[1]: Leaving directory '/home/fuzz/pdfalto/build-hong/CMakeFiles/CMakeTmp'
gmake: *** [Makefile:127: cmTC_b4256/fast] Error 2



Determining if the function _fseeki64 exists failed with the following output:
Change Dir: /home/fuzz/pdfalto/build-hong/CMakeFiles/CMakeTmp

Run Build Command(s):/usr/bin/gmake -f Makefile cmTC_dfc89/fast && /usr/bin/gmake  -f CMakeFiles/cmTC_dfc89.dir/build.make CMakeFiles/cmTC_dfc89.dir/build
gmake[1]: Entering directory '/home/fuzz/pdfalto/build-hong/CMakeFiles/CMakeTmp'
Building C object CMakeFiles/cmTC_dfc89.dir/CheckFunctionExists.c.o
/home/fuzz/honggfuzz/hfuzz_cc/hfuzz-cc   -DCHECK_FUNCTION_EXISTS=_fseeki64 -MD -MT CMakeFiles/cmTC_dfc89.dir/CheckFunctionExists.c.o -MF CMakeFiles/cmTC_dfc89.dir/CheckFunctionExists.c.o.d -o CMakeFiles/cmTC_dfc89.dir/CheckFunctionExists.c.o -c /usr/share/cmake-3.22/Modules/CheckFunctionExists.c
Linking C executable cmTC_dfc89
/usr/bin/cmake -E cmake_link_script CMakeFiles/cmTC_dfc89.dir/link.txt --verbose=1
/home/fuzz/honggfuzz/hfuzz_cc/hfuzz-cc  -DCHECK_FUNCTION_EXISTS=_fseeki64 -rdynamic CMakeFiles/cmTC_dfc89.dir/CheckFunctionExists.c.o -o cmTC_dfc89 
/usr/bin/ld: CMakeFiles/cmTC_dfc89.dir/CheckFunctionExists.c.o: in function `main':
CheckFunctionExists.c:(.text.main[main]+0x31): undefined reference to `_fseeki64'
clang: error: linker command failed with exit code 1 (use -v to see invocation)
gmake[1]: *** [CMakeFiles/cmTC_dfc89.dir/build.make:100: cmTC_dfc89] Error 1
gmake[1]: Leaving directory '/home/fuzz/pdfalto/build-hong/CMakeFiles/CMakeTmp'
gmake: *** [Makefile:127: cmTC_dfc89/fast] Error 2



