Determining if the function fseek64 exists failed with the following output:
Change Dir: /home/fuzz/pdfalto/build-afl/CMakeFiles/CMakeTmp

Run Build Command(s):/usr/bin/gmake -f Makefile cmTC_42415/fast && /usr/bin/gmake  -f CMakeFiles/cmTC_42415.dir/build.make CMakeFiles/cmTC_42415.dir/build
gmake[1]: Entering directory '/home/fuzz/pdfalto/build-afl/CMakeFiles/CMakeTmp'
Building C object CMakeFiles/cmTC_42415.dir/CheckFunctionExists.c.o
/usr/local/bin/afl-clang-fast   -DCHECK_FUNCTION_EXISTS=fseek64 -MD -MT CMakeFiles/cmTC_42415.dir/CheckFunctionExists.c.o -MF CMakeFiles/cmTC_42415.dir/CheckFunctionExists.c.o.d -o CMakeFiles/cmTC_42415.dir/CheckFunctionExists.c.o -c /usr/share/cmake-3.22/Modules/CheckFunctionExists.c
Linking C executable cmTC_42415
/usr/bin/cmake -E cmake_link_script CMakeFiles/cmTC_42415.dir/link.txt --verbose=1
/usr/local/bin/afl-clang-fast  -DCHECK_FUNCTION_EXISTS=fseek64 -rdynamic CMakeFiles/cmTC_42415.dir/CheckFunctionExists.c.o -o cmTC_42415 
/usr/bin/ld: CMakeFiles/cmTC_42415.dir/CheckFunctionExists.c.o: in function `main':
CheckFunctionExists.c:(.text.main[main]+0x27): undefined reference to `fseek64'
clang: error: linker command failed with exit code 1 (use -v to see invocation)
gmake[1]: *** [CMakeFiles/cmTC_42415.dir/build.make:100: cmTC_42415] Error 1
gmake[1]: Leaving directory '/home/fuzz/pdfalto/build-afl/CMakeFiles/CMakeTmp'
gmake: *** [Makefile:127: cmTC_42415/fast] Error 2



Determining if the function _fseeki64 exists failed with the following output:
Change Dir: /home/fuzz/pdfalto/build-afl/CMakeFiles/CMakeTmp

Run Build Command(s):/usr/bin/gmake -f Makefile cmTC_492b7/fast && /usr/bin/gmake  -f CMakeFiles/cmTC_492b7.dir/build.make CMakeFiles/cmTC_492b7.dir/build
gmake[1]: Entering directory '/home/fuzz/pdfalto/build-afl/CMakeFiles/CMakeTmp'
Building C object CMakeFiles/cmTC_492b7.dir/CheckFunctionExists.c.o
/usr/local/bin/afl-clang-fast   -DCHECK_FUNCTION_EXISTS=_fseeki64 -MD -MT CMakeFiles/cmTC_492b7.dir/CheckFunctionExists.c.o -MF CMakeFiles/cmTC_492b7.dir/CheckFunctionExists.c.o.d -o CMakeFiles/cmTC_492b7.dir/CheckFunctionExists.c.o -c /usr/share/cmake-3.22/Modules/CheckFunctionExists.c
Linking C executable cmTC_492b7
/usr/bin/cmake -E cmake_link_script CMakeFiles/cmTC_492b7.dir/link.txt --verbose=1
/usr/local/bin/afl-clang-fast  -DCHECK_FUNCTION_EXISTS=_fseeki64 -rdynamic CMakeFiles/cmTC_492b7.dir/CheckFunctionExists.c.o -o cmTC_492b7 
/usr/bin/ld: CMakeFiles/cmTC_492b7.dir/CheckFunctionExists.c.o: in function `main':
CheckFunctionExists.c:(.text.main[main]+0x27): undefined reference to `_fseeki64'
clang: error: linker command failed with exit code 1 (use -v to see invocation)
gmake[1]: *** [CMakeFiles/cmTC_492b7.dir/build.make:100: cmTC_492b7] Error 1
gmake[1]: Leaving directory '/home/fuzz/pdfalto/build-afl/CMakeFiles/CMakeTmp'
gmake: *** [Makefile:127: cmTC_492b7/fast] Error 2



